This is pdfTeX, Version 3.14159265-2.6-1.40.15 (MiKTeX 2.9 64-bit) (preloaded format=pdflatex 2016.3.25)  13 APR 2016 12:27
entering extended mode
**project1.tex
(project1.tex
LaTeX2e <2014/05/01>
Babel <3.9l> and hyphenation patterns for 68 languages loaded.
(C:\Tools\MiKTeX\tex\latex\base\article.cls
Document Class: article 2014/09/29 v1.4h Standard LaTeX document class
(C:\Tools\MiKTeX\tex\latex\base\size11.clo
File: size11.clo 2014/09/29 v1.4h Standard LaTeX file (size option)
)
\c@part=\count79
\c@section=\count80
\c@subsection=\count81
\c@subsubsection=\count82
\c@paragraph=\count83
\c@subparagraph=\count84
\c@figure=\count85
\c@table=\count86
\abovecaptionskip=\skip41
\belowcaptionskip=\skip42
\bibindent=\dimen102
)
(C:\Tools\MiKTeX\tex\latex\babel\babel.sty
Package: babel 2014/09/25 3.9l The Babel package

*************************************
* Local config file bblopts.cfg used
*
(C:\Tools\MiKTeX\tex\latex\00miktex\bblopts.cfg
File: bblopts.cfg 2006/07/31 v1.0 MiKTeX 'babel' configuration
)
(C:\Tools\MiKTeX\tex\latex\babel-english\english.ldf
Language: english 2012/08/20 v3.3p English support from the babel system

(C:\Tools\MiKTeX\tex\latex\babel\babel.def
File: babel.def 2014/09/25 3.9l Babel common definitions
\babel@savecnt=\count87
\U@D=\dimen103
)
\l@canadian = a dialect from \language\l@american 
\l@australian = a dialect from \language\l@british 
\l@newzealand = a dialect from \language\l@british 
))
(C:\Tools\MiKTeX\tex\latex\tools\verbatim.sty
Package: verbatim 2014/10/28 v1.5q LaTeX2e package for verbatim enhancements
\every@verbatim=\toks14
\verbatim@line=\toks15
\verbatim@in@stream=\read1
)
(C:\Tools\MiKTeX\tex\latex\float\float.sty
Package: float 2001/11/08 v1.3d Float enhancements (AL)
\c@float@type=\count88
\float@exts=\toks16
\float@box=\box26
\@float@everytoks=\toks17
\@floatcapt=\box27
)
(C:\Tools\MiKTeX\tex\latex\amsmath\amsmath.sty
Package: amsmath 2013/01/14 v2.14 AMS math features
\@mathmargin=\skip43

For additional information on amsmath, use the `?' option.
(C:\Tools\MiKTeX\tex\latex\amsmath\amstext.sty
Package: amstext 2000/06/29 v2.01

(C:\Tools\MiKTeX\tex\latex\amsmath\amsgen.sty
File: amsgen.sty 1999/11/30 v2.0
\@emptytoks=\toks18
\ex@=\dimen104
))
(C:\Tools\MiKTeX\tex\latex\amsmath\amsbsy.sty
Package: amsbsy 1999/11/29 v1.2d
\pmbraise@=\dimen105
)
(C:\Tools\MiKTeX\tex\latex\amsmath\amsopn.sty
Package: amsopn 1999/12/14 v2.01 operator names
)
\inf@bad=\count89
LaTeX Info: Redefining \frac on input line 210.
\uproot@=\count90
\leftroot@=\count91
LaTeX Info: Redefining \overline on input line 306.
\classnum@=\count92
\DOTSCASE@=\count93
LaTeX Info: Redefining \ldots on input line 378.
LaTeX Info: Redefining \dots on input line 381.
LaTeX Info: Redefining \cdots on input line 466.
\Mathstrutbox@=\box28
\strutbox@=\box29
\big@size=\dimen106
LaTeX Font Info:    Redeclaring font encoding OML on input line 566.
LaTeX Font Info:    Redeclaring font encoding OMS on input line 567.
\macc@depth=\count94
\c@MaxMatrixCols=\count95
\dotsspace@=\muskip10
\c@parentequation=\count96
\dspbrk@lvl=\count97
\tag@help=\toks19
\row@=\count98
\column@=\count99
\maxfields@=\count100
\andhelp@=\toks20
\eqnshift@=\dimen107
\alignsep@=\dimen108
\tagshift@=\dimen109
\tagwidth@=\dimen110
\totwidth@=\dimen111
\lineht@=\dimen112
\@envbody=\toks21
\multlinegap=\skip44
\multlinetaggap=\skip45
\mathdisplay@stack=\toks22
LaTeX Info: Redefining \[ on input line 2665.
LaTeX Info: Redefining \] on input line 2666.
)
(C:\Tools\MiKTeX\tex\latex\amsfonts\amssymb.sty
Package: amssymb 2013/01/14 v3.01 AMS font symbols

(C:\Tools\MiKTeX\tex\latex\amsfonts\amsfonts.sty
Package: amsfonts 2013/01/14 v3.01 Basic AMSFonts support
\symAMSa=\mathgroup4
\symAMSb=\mathgroup5
LaTeX Font Info:    Overwriting math alphabet `\mathfrak' in version `bold'
(Font)                  U/euf/m/n --> U/euf/b/n on input line 106.
))
(C:\Tools\MiKTeX\tex\latex\geometry\geometry.sty
Package: geometry 2010/09/12 v5.6 Page Geometry

(C:\Tools\MiKTeX\tex\latex\graphics\keyval.sty
Package: keyval 2014/10/28 v1.15 key=value parser (DPC)
\KV@toks@=\toks23
)
(C:\Tools\MiKTeX\tex\generic\oberdiek\ifpdf.sty
Package: ifpdf 2011/01/30 v2.3 Provides the ifpdf switch (HO)
Package ifpdf Info: pdfTeX in PDF mode is detected.
)
(C:\Tools\MiKTeX\tex\generic\oberdiek\ifvtex.sty
Package: ifvtex 2010/03/01 v1.5 Detect VTeX and its facilities (HO)
Package ifvtex Info: VTeX not detected.
)
(C:\Tools\MiKTeX\tex\generic\ifxetex\ifxetex.sty
Package: ifxetex 2010/09/12 v0.6 Provides ifxetex conditional
)
\Gm@cnth=\count101
\Gm@cntv=\count102
\c@Gm@tempcnt=\count103
\Gm@bindingoffset=\dimen113
\Gm@wd@mp=\dimen114
\Gm@odd@mp=\dimen115
\Gm@even@mp=\dimen116
\Gm@layoutwidth=\dimen117
\Gm@layoutheight=\dimen118
\Gm@layouthoffset=\dimen119
\Gm@layoutvoffset=\dimen120
\Gm@dimlist=\toks24

(C:\Tools\MiKTeX\tex\latex\geometry\geometry.cfg))
(C:\Tools\MiKTeX\tex\latex\graphics\graphicx.sty
Package: graphicx 2014/10/28 v1.0g Enhanced LaTeX Graphics (DPC,SPQR)

(C:\Tools\MiKTeX\tex\latex\graphics\graphics.sty
Package: graphics 2014/10/28 v1.0p Standard LaTeX Graphics (DPC,SPQR)

(C:\Tools\MiKTeX\tex\latex\graphics\trig.sty
Package: trig 1999/03/16 v1.09 sin cos tan (DPC)
)
(C:\Tools\MiKTeX\tex\latex\00miktex\graphics.cfg
File: graphics.cfg 2007/01/18 v1.5 graphics configuration of teTeX/TeXLive
)
Package graphics Info: Driver file: pdftex.def on input line 91.

(C:\Tools\MiKTeX\tex\latex\pdftex-def\pdftex.def
File: pdftex.def 2011/05/27 v0.06d Graphics/color for pdfTeX

(C:\Tools\MiKTeX\tex\generic\oberdiek\infwarerr.sty
Package: infwarerr 2010/04/08 v1.3 Providing info/warning/error messages (HO)
)
(C:\Tools\MiKTeX\tex\generic\oberdiek\ltxcmds.sty
Package: ltxcmds 2011/11/09 v1.22 LaTeX kernel commands for general use (HO)
)
\Gread@gobject=\count104
))
\Gin@req@height=\dimen121
\Gin@req@width=\dimen122
)
(C:\Tools\MiKTeX\tex\latex\caption\subcaption.sty
Package: subcaption 2013/02/03 v1.1-62 Sub-captions (AR)

(C:\Tools\MiKTeX\tex\latex\caption\caption.sty
Package: caption 2013/05/02 v3.3-89 Customizing captions (AR)

(C:\Tools\MiKTeX\tex\latex\caption\caption3.sty
Package: caption3 2013/05/02 v1.6-88 caption3 kernel (AR)
Package caption3 Info: TeX engine: e-TeX on input line 57.
\captionmargin=\dimen123
\captionmargin@=\dimen124
\captionwidth=\dimen125
\caption@tempdima=\dimen126
\caption@indent=\dimen127
\caption@parindent=\dimen128
\caption@hangindent=\dimen129
)
\c@ContinuedFloat=\count105
Package caption Info: float package is loaded.
)
\c@subfigure=\count106
\c@subtable=\count107
) (project1.aux)
LaTeX Font Info:    Checking defaults for OML/cmm/m/it on input line 15.
LaTeX Font Info:    ... okay on input line 15.
LaTeX Font Info:    Checking defaults for T1/cmr/m/n on input line 15.
LaTeX Font Info:    ... okay on input line 15.
LaTeX Font Info:    Checking defaults for OT1/cmr/m/n on input line 15.
LaTeX Font Info:    ... okay on input line 15.
LaTeX Font Info:    Checking defaults for OMS/cmsy/m/n on input line 15.
LaTeX Font Info:    ... okay on input line 15.
LaTeX Font Info:    Checking defaults for OMX/cmex/m/n on input line 15.
LaTeX Font Info:    ... okay on input line 15.
LaTeX Font Info:    Checking defaults for U/cmr/m/n on input line 15.
LaTeX Font Info:    ... okay on input line 15.

*geometry* driver: auto-detecting
*geometry* detected driver: pdftex
*geometry* verbose mode - [ preamble ] result:
* driver: pdftex
* paper: <default>
* layout: <same size as paper>
* layoutoffset:(h,v)=(0.0pt,0.0pt)
* modes: 
* h-part:(L,W,R)=(76.82234pt, 460.65031pt, 76.82234pt)
* v-part:(T,H,B)=(76.82234pt, 641.3253pt, 76.82234pt)
* \paperwidth=614.295pt
* \paperheight=794.96999pt
* \textwidth=460.65031pt
* \textheight=641.3253pt
* \oddsidemargin=4.55235pt
* \evensidemargin=4.55235pt
* \topmargin=-32.44765pt
* \headheight=12.0pt
* \headsep=25.0pt
* \topskip=11.0pt
* \footskip=30.0pt
* \marginparwidth=59.0pt
* \marginparsep=10.0pt
* \columnsep=10.0pt
* \skip\footins=10.0pt plus 4.0pt minus 2.0pt
* \hoffset=0.0pt
* \voffset=0.0pt
* \mag=1000
* \@twocolumnfalse
* \@twosidefalse
* \@mparswitchfalse
* \@reversemarginfalse
* (1in=72.27pt=25.4mm, 1cm=28.453pt)

(C:\Tools\MiKTeX\tex\context\base\supp-pdf.mkii
[Loading MPS to PDF converter (version 2006.09.02).]
\scratchcounter=\count108
\scratchdimen=\dimen130
\scratchbox=\box30
\nofMPsegments=\count109
\nofMParguments=\count110
\everyMPshowfont=\toks25
\MPscratchCnt=\count111
\MPscratchDim=\dimen131
\MPnumerator=\count112
\makeMPintoPDFobject=\count113
\everyMPtoPDFconversion=\toks26
)
Package caption Info: Begin \AtBeginDocument code.
Package caption Info: End \AtBeginDocument code.
LaTeX Font Info:    Try loading font information for U+msa on input line 19.
 (C:\Tools\MiKTeX\tex\latex\amsfonts\umsa.fd
File: umsa.fd 2013/01/14 v3.01 AMS symbols A
)
LaTeX Font Info:    Try loading font information for U+msb on input line 19.

(C:\Tools\MiKTeX\tex\latex\amsfonts\umsb.fd
File: umsb.fd 2013/01/14 v3.01 AMS symbols B
)
<p1_1.pdf, id=1, 614.295pt x 794.97pt>
File: p1_1.pdf Graphic file (type pdf)
 <use p1_1.pdf>
Package pdftex.def Info: p1_1.pdf used on input line 22.
(pdftex.def)             Requested size: 368.52359pt x 361.36014pt.

Underfull \hbox (badness 10000) in paragraph at lines 26--29

 []

[1

{C:/ProgramData/MiKTeX/2.9/pdftex/config/pdftex.map} <./p1_1.pdf>]
<p1_2.pdf, id=14, 614.295pt x 794.97pt>
File: p1_2.pdf Graphic file (type pdf)
 <use p1_2.pdf>
Package pdftex.def Info: p1_2.pdf used on input line 45.
(pdftex.def)             Requested size: 218.81206pt x 170.709pt.

<p1_3.pdf, id=15, 614.295pt x 794.97pt>
File: p1_3.pdf Graphic file (type pdf)
 <use p1_3.pdf>
Package pdftex.def Info: p1_3.pdf used on input line 51.
(pdftex.def)             Requested size: 218.81206pt x 170.709pt.

Underfull \hbox (badness 10000) in paragraph at lines 56--58

 []

[2 <./p1_2.pdf> <./p1_3.pdf>] [3]
Overfull \hbox (10.74208pt too wide) in paragraph at lines 119--119
[]\OT1/cmtt/m/n/10.95 legend(14, 14, legend=c("step 1", "step 2", "step 3"), co
l=c(1,2,4), lty=c(1,2,4))[] 
 []


LaTeX Warning: Characters dropped after `\end{verbatim}' on input line 120.

<p2_1_1.pdf, id=43, 614.295pt x 794.97pt>
File: p2_1_1.pdf Graphic file (type pdf)
 <use p2_1_1.pdf>
Package pdftex.def Info: p2_1_1.pdf used on input line 148.
(pdftex.def)             Requested size: 218.81206pt x 170.709pt.

<p2_1_2.pdf, id=44, 614.295pt x 794.97pt>
File: p2_1_2.pdf Graphic file (type pdf)
 <use p2_1_2.pdf>
Package pdftex.def Info: p2_1_2.pdf used on input line 154.
(pdftex.def)             Requested size: 218.81206pt x 170.709pt.

Underfull \hbox (badness 10000) in paragraph at lines 139--158

 []

[4]
Underfull \hbox (badness 10000) in paragraph at lines 160--161

 []

<p2_3_1_111.pdf, id=48, 614.295pt x 794.97pt>
File: p2_3_1_111.pdf Graphic file (type pdf)
 <use p2_3_1_111.pdf>
Package pdftex.def Info: p2_3_1_111.pdf used on input line 173.
(pdftex.def)             Requested size: 218.81206pt x 170.709pt.

<p2_3_2.pdf, id=49, 614.295pt x 794.97pt>
File: p2_3_2.pdf Graphic file (type pdf)
 <use p2_3_2.pdf>
Package pdftex.def Info: p2_3_2.pdf used on input line 179.
(pdftex.def)             Requested size: 218.81206pt x 170.709pt.

<p2_3_3_100.pdf, id=50, 614.295pt x 794.97pt>
File: p2_3_3_100.pdf Graphic file (type pdf)
 <use p2_3_3_100.pdf>
Package pdftex.def Info: p2_3_3_100.pdf used on input line 189.
(pdftex.def)             Requested size: 218.81206pt x 170.709pt.

<p2_3_4.pdf, id=51, 614.295pt x 794.97pt>
File: p2_3_4.pdf Graphic file (type pdf)
 <use p2_3_4.pdf>
Package pdftex.def Info: p2_3_4.pdf used on input line 195.
(pdftex.def)             Requested size: 218.81206pt x 170.709pt.

Underfull \hbox (badness 10000) in paragraph at lines 184--199

 []

[5 <./p2_1_1.pdf> <./p2_1_2.pdf> <./p2_3_1_111.pdf> <./p2_3_2.pdf>]
Underfull \hbox (badness 10000) in paragraph at lines 200--201

 []

<p2_3_5_115.pdf, id=75, 614.295pt x 794.97pt>
File: p2_3_5_115.pdf Graphic file (type pdf)
 <use p2_3_5_115.pdf>
Package pdftex.def Info: p2_3_5_115.pdf used on input line 206.
(pdftex.def)             Requested size: 218.81206pt x 170.709pt.

<p2_3_6.pdf, id=76, 614.295pt x 794.97pt>
File: p2_3_6.pdf Graphic file (type pdf)
 <use p2_3_6.pdf>
Package pdftex.def Info: p2_3_6.pdf used on input line 212.
(pdftex.def)             Requested size: 218.81206pt x 170.709pt.
 [6 <./p2_3_3_100.pdf> <./p2_3_4.pdf> <./p2_3_5_115.pdf> <./p2_3_6.pdf>] [7] [8
] [9] [10] [11]
[12] [13] [14] [15] [16] [17] [18] [19] [20] [21] [22]

LaTeX Warning: Characters dropped after `\end{verbatim}' on input line 987.

[23] [24] [25] (project1.aux) ) 
Here is how much of TeX's memory you used:
 4159 strings out of 493698
 57956 string characters out of 3149268
 137270 words of memory out of 3000000
 7440 multiletter control sequences out of 15000+200000
 8456 words of font info for 33 fonts, out of 3000000 for 9000
 1025 hyphenation exceptions out of 8191
 42i,10n,40p,548b,444s stack positions out of 5000i,500n,10000p,200000b,50000s
<C:/Tools/MiKTeX/fonts/type1/public/amsfonts/cm/
cmex10.pfb><C:/Tools/MiKTeX/fonts/type1/public/amsfonts/cmextra/cmex8.pfb><C:/T
ools/MiKTeX/fonts/type1/public/amsfonts/cm/cmmi10.pfb><C:/Tools/MiKTeX/fonts/ty
pe1/public/amsfonts/cm/cmmi6.pfb><C:/Tools/MiKTeX/fonts/type1/public/amsfonts/c
m/cmmi8.pfb><C:/Tools/MiKTeX/fonts/type1/public/amsfonts/cm/cmr10.pfb><C:/Tools
/MiKTeX/fonts/type1/public/amsfonts/cm/cmr6.pfb><C:/Tools/MiKTeX/fonts/type1/pu
blic/amsfonts/cm/cmr8.pfb><C:/Tools/MiKTeX/fonts/type1/public/amsfonts/cm/cmsy1
0.pfb><C:/Tools/MiKTeX/fonts/type1/public/amsfonts/cm/cmsy6.pfb><C:/Tools/MiKTe
X/fonts/type1/public/amsfonts/cm/cmsy8.pfb><C:/Tools/MiKTeX/fonts/type1/public/
amsfonts/cm/cmtt10.pfb>
Output written on project1.pdf (25 pages, 230876 bytes).
PDF statistics:
 199 PDF objects out of 1000 (max. 8388607)
 0 named destinations out of 1000 (max. 500000)
 56 words of extra memory for PDF output out of 10000 (max. 10000000)

