This is pdfTeX, Version 3.1415926-2.3-1.40.12 (MiKTeX 2.9) (preloaded format=pdflatex 2016.5.5)  30 OCT 2016 12:44
entering extended mode
**C:/Github/Monte-Carlo-Using-Rcpp/Exact*sampling*of*the*IsingPotts*model/repor
t_latex/project2.tex

("C:/Github/Monte-Carlo-Using-Rcpp/Exact sampling of the IsingPotts model/repor
t_latex/project2.tex"
LaTeX2e <2011/06/27>
Babel <v3.8m> and hyphenation patterns for loaded.
(C:\Tools\CTEX\MiKTeX\tex\latex\base\article.cls
Document Class: article 2007/10/19 v1.4h Standard LaTeX document class
(C:\Tools\CTEX\MiKTeX\tex\latex\base\size12.clo
File: size12.clo 2007/10/19 v1.4h Standard LaTeX file (size option)
)
\c@part=\count79
\c@section=\count80
\c@subsection=\count81
\c@subsubsection=\count82
\c@paragraph=\count83
\c@subparagraph=\count84
\c@figure=\count85
\c@table=\count86
\abovecaptionskip=\skip41
\belowcaptionskip=\skip42
\bibindent=\dimen102
)
(C:\Tools\CTEX\MiKTeX\tex\latex\geometry\geometry.sty
Package: geometry 2010/09/12 v5.6 Page Geometry

(C:\Tools\CTEX\MiKTeX\tex\latex\graphics\keyval.sty
Package: keyval 1999/03/16 v1.13 key=value parser (DPC)
\KV@toks@=\toks14
)
(C:\Tools\CTEX\MiKTeX\tex\generic\oberdiek\ifpdf.sty
Package: ifpdf 2011/01/30 v2.3 Provides the ifpdf switch (HO)
Package ifpdf Info: pdfTeX in PDF mode is detected.
)
(C:\Tools\CTEX\MiKTeX\tex\generic\oberdiek\ifvtex.sty
Package: ifvtex 2010/03/01 v1.5 Switches for detecting VTeX and its modes (HO)
Package ifvtex Info: VTeX not detected.
)
(C:\Tools\CTEX\MiKTeX\tex\generic\ifxetex\ifxetex.sty
Package: ifxetex 2010/09/12 v0.6 Provides ifxetex conditional
)
\Gm@cnth=\count87
\Gm@cntv=\count88
\c@Gm@tempcnt=\count89
\Gm@bindingoffset=\dimen103
\Gm@wd@mp=\dimen104
\Gm@odd@mp=\dimen105
\Gm@even@mp=\dimen106
\Gm@layoutwidth=\dimen107
\Gm@layoutheight=\dimen108
\Gm@layouthoffset=\dimen109
\Gm@layoutvoffset=\dimen110
\Gm@dimlist=\toks15

(C:\Tools\CTEX\MiKTeX\tex\latex\geometry\geometry.cfg))
(C:\Tools\CTEX\MiKTeX\tex\latex\graphics\graphicx.sty
Package: graphicx 1999/02/16 v1.0f Enhanced LaTeX Graphics (DPC,SPQR)

(C:\Tools\CTEX\MiKTeX\tex\latex\graphics\graphics.sty
Package: graphics 2009/02/05 v1.0o Standard LaTeX Graphics (DPC,SPQR)

(C:\Tools\CTEX\MiKTeX\tex\latex\graphics\trig.sty
Package: trig 1999/03/16 v1.09 sin cos tan (DPC)
)
(C:\Tools\CTEX\MiKTeX\tex\latex\00miktex\graphics.cfg
File: graphics.cfg 2007/01/18 v1.5 graphics configuration of teTeX/TeXLive
)
Package graphics Info: Driver file: pdftex.def on input line 91.

(C:\Tools\CTEX\MiKTeX\tex\latex\pdftex-def\pdftex.def
File: pdftex.def 2011/05/27 v0.06d Graphics/color for pdfTeX

(C:\Tools\CTEX\MiKTeX\tex\generic\oberdiek\infwarerr.sty
Package: infwarerr 2010/04/08 v1.3 Providing info/warning/message (HO)
)
(C:\Tools\CTEX\MiKTeX\tex\generic\oberdiek\ltxcmds.sty
Package: ltxcmds 2011/04/18 v1.20 LaTeX kernel commands for general use (HO)
)
\Gread@gobject=\count90
))
\Gin@req@height=\dimen111
\Gin@req@width=\dimen112
)
(C:\Tools\CTEX\MiKTeX\tex\latex\amsfonts\amssymb.sty
Package: amssymb 2009/06/22 v3.00

(C:\Tools\CTEX\MiKTeX\tex\latex\amsfonts\amsfonts.sty
Package: amsfonts 2009/06/22 v3.00 Basic AMSFonts support
\@emptytoks=\toks16
\symAMSa=\mathgroup4
\symAMSb=\mathgroup5
LaTeX Font Info:    Overwriting math alphabet `\mathfrak' in version `bold'
(Font)                  U/euf/m/n --> U/euf/b/n on input line 96.
))
(C:\Tools\CTEX\MiKTeX\tex\latex\ams\math\amsmath.sty
Package: amsmath 2000/07/18 v2.13 AMS math features
\@mathmargin=\skip43

For additional information on amsmath, use the `?' option.
(C:\Tools\CTEX\MiKTeX\tex\latex\ams\math\amstext.sty
Package: amstext 2000/06/29 v2.01

(C:\Tools\CTEX\MiKTeX\tex\latex\ams\math\amsgen.sty
File: amsgen.sty 1999/11/30 v2.0
\@emptytoks=\toks17
\ex@=\dimen113
))
(C:\Tools\CTEX\MiKTeX\tex\latex\ams\math\amsbsy.sty
Package: amsbsy 1999/11/29 v1.2d
\pmbraise@=\dimen114
)
(C:\Tools\CTEX\MiKTeX\tex\latex\ams\math\amsopn.sty
Package: amsopn 1999/12/14 v2.01 operator names
)
\inf@bad=\count91
LaTeX Info: Redefining \frac on input line 211.
\uproot@=\count92
\leftroot@=\count93
LaTeX Info: Redefining \overline on input line 307.
\classnum@=\count94
\DOTSCASE@=\count95
LaTeX Info: Redefining \ldots on input line 379.
LaTeX Info: Redefining \dots on input line 382.
LaTeX Info: Redefining \cdots on input line 467.
\Mathstrutbox@=\box26
\strutbox@=\box27
\big@size=\dimen115
LaTeX Font Info:    Redeclaring font encoding OML on input line 567.
LaTeX Font Info:    Redeclaring font encoding OMS on input line 568.
\macc@depth=\count96
\c@MaxMatrixCols=\count97
\dotsspace@=\muskip10
\c@parentequation=\count98
\dspbrk@lvl=\count99
\tag@help=\toks18
\row@=\count100
\column@=\count101
\maxfields@=\count102
\andhelp@=\toks19
\eqnshift@=\dimen116
\alignsep@=\dimen117
\tagshift@=\dimen118
\tagwidth@=\dimen119
\totwidth@=\dimen120
\lineht@=\dimen121
\@envbody=\toks20
\multlinegap=\skip44
\multlinetaggap=\skip45
\mathdisplay@stack=\toks21
LaTeX Info: Redefining \[ on input line 2666.
LaTeX Info: Redefining \] on input line 2667.
)
(C:\Tools\CTEX\MiKTeX\tex\latex\caption\caption.sty
Package: caption 2011/11/10 v3.2e Customizing captions (AR)

(C:\Tools\CTEX\MiKTeX\tex\latex\caption\caption3.sty
Package: caption3 2011/11/01 v1.4a caption3 kernel (AR)
\captionmargin=\dimen122
\captionmargin@=\dimen123
\captionwidth=\dimen124
\caption@indent=\dimen125
\caption@parindent=\dimen126
\caption@hangindent=\dimen127
)
\c@ContinuedFloat=\count103
)
(C:\Tools\CTEX\MiKTeX\tex\latex\caption\subcaption.sty
Package: subcaption 2011/10/30 v1.1c Sub-captions (AR)
\c@subfigure=\count104
\c@subtable=\count105
)
(C:\Tools\CTEX\MiKTeX\tex\latex\float\float.sty
Package: float 2001/11/08 v1.3d Float enhancements (AL)
\c@float@type=\count106
\float@exts=\toks22
\float@box=\box28
\@float@everytoks=\toks23
\@floatcapt=\box29
)
("C:\Github\Monte-Carlo-Using-Rcpp\Exact sampling of the IsingPotts model\repor
t_latex\project2.aux")
LaTeX Font Info:    Checking defaults for OML/cmm/m/it on input line 12.
LaTeX Font Info:    ... okay on input line 12.
LaTeX Font Info:    Checking defaults for T1/cmr/m/n on input line 12.
LaTeX Font Info:    ... okay on input line 12.
LaTeX Font Info:    Checking defaults for OT1/cmr/m/n on input line 12.
LaTeX Font Info:    ... okay on input line 12.
LaTeX Font Info:    Checking defaults for OMS/cmsy/m/n on input line 12.
LaTeX Font Info:    ... okay on input line 12.
LaTeX Font Info:    Checking defaults for OMX/cmex/m/n on input line 12.
LaTeX Font Info:    ... okay on input line 12.
LaTeX Font Info:    Checking defaults for U/cmr/m/n on input line 12.
LaTeX Font Info:    ... okay on input line 12.

*geometry* driver: auto-detecting
*geometry* detected driver: pdftex
*geometry* verbose mode - [ preamble ] result:
* driver: pdftex
* paper: <default>
* layout: <same size as paper>
* layoutoffset:(h,v)=(0.0pt,0.0pt)
* modes: 
* h-part:(L,W,R)=(76.82234pt, 460.65031pt, 76.82234pt)
* v-part:(T,H,B)=(76.82234pt, 641.3253pt, 76.82234pt)
* \paperwidth=614.295pt
* \paperheight=794.96999pt
* \textwidth=460.65031pt
* \textheight=641.3253pt
* \oddsidemargin=4.55235pt
* \evensidemargin=4.55235pt
* \topmargin=-32.44765pt
* \headheight=12.0pt
* \headsep=25.0pt
* \topskip=12.0pt
* \footskip=30.0pt
* \marginparwidth=44.0pt
* \marginparsep=10.0pt
* \columnsep=10.0pt
* \skip\footins=10.8pt plus 4.0pt minus 2.0pt
* \hoffset=0.0pt
* \voffset=0.0pt
* \mag=1000
* \@twocolumnfalse
* \@twosidefalse
* \@mparswitchfalse
* \@reversemarginfalse
* (1in=72.27pt=25.4mm, 1cm=28.453pt)

(C:\Tools\CTEX\MiKTeX\tex\context\base\supp-pdf.mkii
[Loading MPS to PDF converter (version 2006.09.02).]
\scratchcounter=\count107
\scratchdimen=\dimen128
\scratchbox=\box30
\nofMPsegments=\count108
\nofMParguments=\count109
\everyMPshowfont=\toks24
\MPscratchCnt=\count110
\MPscratchDim=\dimen129
\MPnumerator=\count111
\makeMPintoPDFobject=\count112
\everyMPtoPDFconversion=\toks25
)
Package caption Info: Begin \AtBeginDocument code.
Package caption Info: float package is loaded.
Package caption Info: End \AtBeginDocument code.
LaTeX Font Info:    Try loading font information for U+msa on input line 14.
 (C:\Tools\CTEX\MiKTeX\tex\latex\amsfonts\umsa.fd
File: umsa.fd 2009/06/22 v3.00 AMS symbols A
)
LaTeX Font Info:    Try loading font information for U+msb on input line 14.

(C:\Tools\CTEX\MiKTeX\tex\latex\amsfonts\umsb.fd
File: umsb.fd 2009/06/22 v3.00 AMS symbols B
)
Overfull \hbox (3.78601pt too wide) in paragraph at lines 35--35
[] 
 []

<050.pdf, id=1, 614.295pt x 794.97pt>
File: 050.pdf Graphic file (type pdf)
 <use 050.pdf>
Package pdftex.def Info: 050.pdf used on input line 43.
(pdftex.def)             Requested size: 218.81206pt x 320.66315pt.

<065.pdf, id=2, 614.295pt x 794.97pt>
File: 065.pdf Graphic file (type pdf)
 <use 065.pdf>
Package pdftex.def Info: 065.pdf used on input line 48.
(pdftex.def)             Requested size: 218.81206pt x 320.66315pt.

<075.pdf, id=3, 614.295pt x 794.97pt>
File: 075.pdf Graphic file (type pdf)
 <use 075.pdf>
Package pdftex.def Info: 075.pdf used on input line 53.
(pdftex.def)             Requested size: 218.81206pt x 320.66315pt.

<083.pdf, id=4, 614.295pt x 794.97pt>
File: 083.pdf Graphic file (type pdf)
 <use 083.pdf>
Package pdftex.def Info: 083.pdf used on input line 58.
(pdftex.def)             Requested size: 218.81206pt x 320.66315pt.

<084.pdf, id=5, 614.295pt x 794.97pt>
File: 084.pdf Graphic file (type pdf)
 <use 084.pdf>
Package pdftex.def Info: 084.pdf used on input line 65.
(pdftex.def)             Requested size: 218.81206pt x 320.66315pt.

<085.pdf, id=6, 614.295pt x 794.97pt>
File: 085.pdf Graphic file (type pdf)
 <use 085.pdf>
Package pdftex.def Info: 085.pdf used on input line 70.
(pdftex.def)             Requested size: 218.81206pt x 320.66315pt.

<090.pdf, id=7, 614.295pt x 794.97pt>
File: 090.pdf Graphic file (type pdf)
 <use 090.pdf>
Package pdftex.def Info: 090.pdf used on input line 75.
(pdftex.def)             Requested size: 218.81206pt x 320.66315pt.

<100.pdf, id=8, 614.295pt x 794.97pt>
File: 100.pdf Graphic file (type pdf)
 <use 100.pdf>
Package pdftex.def Info: 100.pdf used on input line 80.
(pdftex.def)             Requested size: 218.81206pt x 320.66315pt.
 [1

{C:/Tools/CTEX/UserData/pdftex/config/pdftex.map{Unicode.sfd}{UGBK.sfd}}]
Overfull \vbox (1.00099pt too high) has occurred while \output is active []


[2 <C:/Github/Monte-Carlo-Using-Rcpp/Exact sampling of the IsingPotts model/rep
ort_latex/050.pdf> <C:/Github/Monte-Carlo-Using-Rcpp/Exact sampling of the Isin
gPotts model/report_latex/065.pdf> <C:/Github/Monte-Carlo-Using-Rcpp/Exact samp
ling of the IsingPotts model/report_latex/075.pdf> <C:/Github/Monte-Carlo-Using
-Rcpp/Exact sampling of the IsingPotts model/report_latex/083.pdf>]
Overfull \vbox (1.00099pt too high) has occurred while \output is active []


[3 <C:/Github/Monte-Carlo-Using-Rcpp/Exact sampling of the IsingPotts model/rep
ort_latex/084.pdf> <C:/Github/Monte-Carlo-Using-Rcpp/Exact sampling of the Isin
gPotts model/report_latex/085.pdf> <C:/Github/Monte-Carlo-Using-Rcpp/Exact samp
ling of the IsingPotts model/report_latex/090.pdf> <C:/Github/Monte-Carlo-Using
-Rcpp/Exact sampling of the IsingPotts model/report_latex/100.pdf>]
<1.pdf, id=95, 614.295pt x 794.97pt>
File: 1.pdf Graphic file (type pdf)
 <use 1.pdf>
Package pdftex.def Info: 1.pdf used on input line 90.
(pdftex.def)             Requested size: 218.81206pt x 320.66315pt.

<2.pdf, id=96, 614.295pt x 794.97pt>
File: 2.pdf Graphic file (type pdf)
 <use 2.pdf>
Package pdftex.def Info: 2.pdf used on input line 95.
(pdftex.def)             Requested size: 218.81206pt x 320.66315pt.
 [4 <C:/Github/Monte-Carlo-Using-Rcpp/Exact sampling of the IsingPotts model/re
port_latex/1.pdf> <C:/Github/Monte-Carlo-Using-Rcpp/Exact sampling of the Ising
Potts model/report_latex/2.pdf>]
("C:\Github\Monte-Carlo-Using-Rcpp\Exact sampling of the IsingPotts model\repor
t_latex\project2.aux") ) 
Here is how much of TeX's memory you used:
 3642 strings out of 495354
 51669 string characters out of 3183524
 123024 words of memory out of 3000000
 6782 multiletter control sequences out of 15000+200000
 8285 words of font info for 32 fonts, out of 3000000 for 9000
 14 hyphenation exceptions out of 8191
 36i,16n,38p,744b,370s stack positions out of 5000i,500n,10000p,200000b,50000s
<C:/Tools/CTEX/MiKTeX/fonts/type1/public/amsfonts/cm/cm
ex10.pfb><C:/Tools/CTEX/MiKTeX/fonts/type1/public/amsfonts/cmextra/cmex7.pfb><C
:/Tools/CTEX/MiKTeX/fonts/type1/public/amsfonts/cmextra/cmex8.pfb><C:/Tools/CTE
X/MiKTeX/fonts/type1/public/amsfonts/cm/cmmi12.pfb><C:/Tools/CTEX/MiKTeX/fonts/
type1/public/amsfonts/cm/cmmi6.pfb><C:/Tools/CTEX/MiKTeX/fonts/type1/public/ams
fonts/cm/cmmi8.pfb><C:/Tools/CTEX/MiKTeX/fonts/type1/public/amsfonts/cm/cmr12.p
fb><C:/Tools/CTEX/MiKTeX/fonts/type1/public/amsfonts/cm/cmr6.pfb><C:/Tools/CTEX
/MiKTeX/fonts/type1/public/amsfonts/cm/cmr8.pfb><C:/Tools/CTEX/MiKTeX/fonts/typ
e1/public/amsfonts/cm/cmsy10.pfb>
Output written on project2.pdf (4 pages, 462437 bytes).
PDF statistics:
 143 PDF objects out of 1000 (max. 8388607)
 0 named destinations out of 1000 (max. 500000)
 51 words of extra memory for PDF output out of 10000 (max. 10000000)

