This is pdfTeX, Version 3.1415926-2.3-1.40.12 (MiKTeX 2.9) (preloaded format=pdflatex 2016.5.5)  22 MAY 2016 11:40
entering extended mode
**C:/Study/Statistics/202C*Monte*Carlo*Methods*for*Optimization/project3/report
/project3.tex

("C:/Study/Statistics/202C Monte Carlo Methods for Optimization/project3/report
/project3.tex"
LaTeX2e <2011/06/27>
Babel <v3.8m> and hyphenation patterns for loaded.
(C:\Tools\CTEX\MiKTeX\tex\latex\base\article.cls
Document Class: article 2007/10/19 v1.4h Standard LaTeX document class
(C:\Tools\CTEX\MiKTeX\tex\latex\base\size12.clo
File: size12.clo 2007/10/19 v1.4h Standard LaTeX file (size option)
)
\c@part=\count79
\c@section=\count80
\c@subsection=\count81
\c@subsubsection=\count82
\c@paragraph=\count83
\c@subparagraph=\count84
\c@figure=\count85
\c@table=\count86
\abovecaptionskip=\skip41
\belowcaptionskip=\skip42
\bibindent=\dimen102
)
(C:\Tools\CTEX\MiKTeX\tex\latex\geometry\geometry.sty
Package: geometry 2010/09/12 v5.6 Page Geometry

(C:\Tools\CTEX\MiKTeX\tex\latex\graphics\keyval.sty
Package: keyval 1999/03/16 v1.13 key=value parser (DPC)
\KV@toks@=\toks14
)
(C:\Tools\CTEX\MiKTeX\tex\generic\oberdiek\ifpdf.sty
Package: ifpdf 2011/01/30 v2.3 Provides the ifpdf switch (HO)
Package ifpdf Info: pdfTeX in PDF mode is detected.
)
(C:\Tools\CTEX\MiKTeX\tex\generic\oberdiek\ifvtex.sty
Package: ifvtex 2010/03/01 v1.5 Switches for detecting VTeX and its modes (HO)
Package ifvtex Info: VTeX not detected.
)
(C:\Tools\CTEX\MiKTeX\tex\generic\ifxetex\ifxetex.sty
Package: ifxetex 2010/09/12 v0.6 Provides ifxetex conditional
)
\Gm@cnth=\count87
\Gm@cntv=\count88
\c@Gm@tempcnt=\count89
\Gm@bindingoffset=\dimen103
\Gm@wd@mp=\dimen104
\Gm@odd@mp=\dimen105
\Gm@even@mp=\dimen106
\Gm@layoutwidth=\dimen107
\Gm@layoutheight=\dimen108
\Gm@layouthoffset=\dimen109
\Gm@layoutvoffset=\dimen110
\Gm@dimlist=\toks15

(C:\Tools\CTEX\MiKTeX\tex\latex\geometry\geometry.cfg))
(C:\Tools\CTEX\MiKTeX\tex\latex\ams\math\amsmath.sty
Package: amsmath 2000/07/18 v2.13 AMS math features
\@mathmargin=\skip43

For additional information on amsmath, use the `?' option.
(C:\Tools\CTEX\MiKTeX\tex\latex\ams\math\amstext.sty
Package: amstext 2000/06/29 v2.01

(C:\Tools\CTEX\MiKTeX\tex\latex\ams\math\amsgen.sty
File: amsgen.sty 1999/11/30 v2.0
\@emptytoks=\toks16
\ex@=\dimen111
))
(C:\Tools\CTEX\MiKTeX\tex\latex\ams\math\amsbsy.sty
Package: amsbsy 1999/11/29 v1.2d
\pmbraise@=\dimen112
)
(C:\Tools\CTEX\MiKTeX\tex\latex\ams\math\amsopn.sty
Package: amsopn 1999/12/14 v2.01 operator names
)
\inf@bad=\count90
LaTeX Info: Redefining \frac on input line 211.
\uproot@=\count91
\leftroot@=\count92
LaTeX Info: Redefining \overline on input line 307.
\classnum@=\count93
\DOTSCASE@=\count94
LaTeX Info: Redefining \ldots on input line 379.
LaTeX Info: Redefining \dots on input line 382.
LaTeX Info: Redefining \cdots on input line 467.
\Mathstrutbox@=\box26
\strutbox@=\box27
\big@size=\dimen113
LaTeX Font Info:    Redeclaring font encoding OML on input line 567.
LaTeX Font Info:    Redeclaring font encoding OMS on input line 568.
\macc@depth=\count95
\c@MaxMatrixCols=\count96
\dotsspace@=\muskip10
\c@parentequation=\count97
\dspbrk@lvl=\count98
\tag@help=\toks17
\row@=\count99
\column@=\count100
\maxfields@=\count101
\andhelp@=\toks18
\eqnshift@=\dimen114
\alignsep@=\dimen115
\tagshift@=\dimen116
\tagwidth@=\dimen117
\totwidth@=\dimen118
\lineht@=\dimen119
\@envbody=\toks19
\multlinegap=\skip44
\multlinetaggap=\skip45
\mathdisplay@stack=\toks20
LaTeX Info: Redefining \[ on input line 2666.
LaTeX Info: Redefining \] on input line 2667.
)
(C:\Tools\CTEX\MiKTeX\tex\latex\graphics\graphicx.sty
Package: graphicx 1999/02/16 v1.0f Enhanced LaTeX Graphics (DPC,SPQR)

(C:\Tools\CTEX\MiKTeX\tex\latex\graphics\graphics.sty
Package: graphics 2009/02/05 v1.0o Standard LaTeX Graphics (DPC,SPQR)

(C:\Tools\CTEX\MiKTeX\tex\latex\graphics\trig.sty
Package: trig 1999/03/16 v1.09 sin cos tan (DPC)
)
(C:\Tools\CTEX\MiKTeX\tex\latex\00miktex\graphics.cfg
File: graphics.cfg 2007/01/18 v1.5 graphics configuration of teTeX/TeXLive
)
Package graphics Info: Driver file: pdftex.def on input line 91.

(C:\Tools\CTEX\MiKTeX\tex\latex\pdftex-def\pdftex.def
File: pdftex.def 2011/05/27 v0.06d Graphics/color for pdfTeX

(C:\Tools\CTEX\MiKTeX\tex\generic\oberdiek\infwarerr.sty
Package: infwarerr 2010/04/08 v1.3 Providing info/warning/message (HO)
)
(C:\Tools\CTEX\MiKTeX\tex\generic\oberdiek\ltxcmds.sty
Package: ltxcmds 2011/04/18 v1.20 LaTeX kernel commands for general use (HO)
)
\Gread@gobject=\count102
))
\Gin@req@height=\dimen120
\Gin@req@width=\dimen121
)
(C:\Tools\CTEX\MiKTeX\tex\latex\float\float.sty
Package: float 2001/11/08 v1.3d Float enhancements (AL)
\c@float@type=\count103
\float@exts=\toks21
\float@box=\box28
\@float@everytoks=\toks22
\@floatcapt=\box29
)
(C:\Tools\CTEX\MiKTeX\tex\latex\fancyvrb\fancyvrb.sty
Package: fancyvrb 2008/02/07

Style option: `fancyvrb' v2.7a, with DG/SPQR fixes, and firstline=lastline fix 
<2008/02/07> (tvz)
\FV@CodeLineNo=\count104
\FV@InFile=\read1
\FV@TabBox=\box30
\c@FancyVerbLine=\count105
\FV@StepNumber=\count106
\FV@OutFile=\write3
) (C:\Tools\CTEX\MiKTeX\tex\latex\lipsum\lipsum.sty
Package: lipsum 2011/04/14 v1.2 150 paragraphs of Lorem Ipsum dummy text
\c@lips@count=\count107
)
(C:\Tools\CTEX\MiKTeX\tex\latex\xcolor\xcolor.sty
Package: xcolor 2007/01/21 v2.11 LaTeX color extensions (UK)

(C:\Tools\CTEX\MiKTeX\tex\latex\00miktex\color.cfg
File: color.cfg 2007/01/18 v1.5 color configuration of teTeX/TeXLive
)
Package xcolor Info: Driver file: pdftex.def on input line 225.
Package xcolor Info: Model `cmy' substituted by `cmy0' on input line 1337.
Package xcolor Info: Model `hsb' substituted by `rgb' on input line 1341.
Package xcolor Info: Model `RGB' extended on input line 1353.
Package xcolor Info: Model `HTML' substituted by `rgb' on input line 1355.
Package xcolor Info: Model `Hsb' substituted by `hsb' on input line 1356.
Package xcolor Info: Model `tHsb' substituted by `hsb' on input line 1357.
Package xcolor Info: Model `HSB' substituted by `hsb' on input line 1358.
Package xcolor Info: Model `Gray' substituted by `gray' on input line 1359.
Package xcolor Info: Model `wave' substituted by `hsb' on input line 1360.
)
(C:\Tools\CTEX\MiKTeX\tex\latex\caption\subcaption.sty
Package: subcaption 2011/10/30 v1.1c Sub-captions (AR)

(C:\Tools\CTEX\MiKTeX\tex\latex\caption\caption.sty
Package: caption 2011/11/10 v3.2e Customizing captions (AR)

(C:\Tools\CTEX\MiKTeX\tex\latex\caption\caption3.sty
Package: caption3 2011/11/01 v1.4a caption3 kernel (AR)
\captionmargin=\dimen122
\captionmargin@=\dimen123
\captionwidth=\dimen124
\caption@indent=\dimen125
\caption@parindent=\dimen126
\caption@hangindent=\dimen127
)
\c@ContinuedFloat=\count108
Package caption Info: float package is loaded.
)
\c@subfigure=\count109
\c@subtable=\count110
)
("C:\Study\Statistics\202C Monte Carlo Methods for Optimization\project3\report
\project3.aux")
LaTeX Font Info:    Checking defaults for OML/cmm/m/it on input line 15.
LaTeX Font Info:    ... okay on input line 15.
LaTeX Font Info:    Checking defaults for T1/cmr/m/n on input line 15.
LaTeX Font Info:    ... okay on input line 15.
LaTeX Font Info:    Checking defaults for OT1/cmr/m/n on input line 15.
LaTeX Font Info:    ... okay on input line 15.
LaTeX Font Info:    Checking defaults for OMS/cmsy/m/n on input line 15.
LaTeX Font Info:    ... okay on input line 15.
LaTeX Font Info:    Checking defaults for OMX/cmex/m/n on input line 15.
LaTeX Font Info:    ... okay on input line 15.
LaTeX Font Info:    Checking defaults for U/cmr/m/n on input line 15.
LaTeX Font Info:    ... okay on input line 15.

*geometry* driver: auto-detecting
*geometry* detected driver: pdftex
*geometry* verbose mode - [ preamble ] result:
* driver: pdftex
* paper: <default>
* layout: <same size as paper>
* layoutoffset:(h,v)=(0.0pt,0.0pt)
* modes: 
* h-part:(L,W,R)=(76.82234pt, 460.65031pt, 76.82234pt)
* v-part:(T,H,B)=(76.82234pt, 641.3253pt, 76.82234pt)
* \paperwidth=614.295pt
* \paperheight=794.96999pt
* \textwidth=460.65031pt
* \textheight=641.3253pt
* \oddsidemargin=4.55235pt
* \evensidemargin=4.55235pt
* \topmargin=-32.44765pt
* \headheight=12.0pt
* \headsep=25.0pt
* \topskip=12.0pt
* \footskip=30.0pt
* \marginparwidth=44.0pt
* \marginparsep=10.0pt
* \columnsep=10.0pt
* \skip\footins=10.8pt plus 4.0pt minus 2.0pt
* \hoffset=0.0pt
* \voffset=0.0pt
* \mag=1000
* \@twocolumnfalse
* \@twosidefalse
* \@mparswitchfalse
* \@reversemarginfalse
* (1in=72.27pt=25.4mm, 1cm=28.453pt)

(C:\Tools\CTEX\MiKTeX\tex\context\base\supp-pdf.mkii
[Loading MPS to PDF converter (version 2006.09.02).]
\scratchcounter=\count111
\scratchdimen=\dimen128
\scratchbox=\box31
\nofMPsegments=\count112
\nofMParguments=\count113
\everyMPshowfont=\toks23
\MPscratchCnt=\count114
\MPscratchDim=\dimen129
\MPnumerator=\count115
\makeMPintoPDFobject=\count116
\everyMPtoPDFconversion=\toks24
)
Package caption Info: Begin \AtBeginDocument code.
Package caption Info: End \AtBeginDocument code.
LaTeX Font Info:    Try loading font information for OMS+cmr on input line 23.
 (C:\Tools\CTEX\MiKTeX\tex\latex\base\omscmr.fd
File: omscmr.fd 1999/05/25 v2.5h Standard LaTeX font definitions
)
LaTeX Font Info:    Font shape `OMS/cmr/m/n' in size <12> not available
(Font)              Font shape `OMS/cmsy/m/n' tried instead on input line 23.

<const_v1_65.pdf, id=1, 614.295pt x 794.97pt>
File: const_v1_65.pdf Graphic file (type pdf)
 <use const_v1_65.pdf>
Package pdftex.def Info: const_v1_65.pdf used on input line 50.
(pdftex.def)             Requested size: 218.81206pt x 205.23169pt.

<check_v1_65.pdf, id=2, 614.295pt x 794.97pt>
File: check_v1_65.pdf Graphic file (type pdf)
 <use check_v1_65.pdf>
Package pdftex.def Info: check_v1_65.pdf used on input line 55.
(pdftex.def)             Requested size: 218.81206pt x 205.23169pt.

<const_v1_75.pdf, id=3, 614.295pt x 794.97pt>
File: const_v1_75.pdf Graphic file (type pdf)
 <use const_v1_75.pdf>
Package pdftex.def Info: const_v1_75.pdf used on input line 60.
(pdftex.def)             Requested size: 218.81206pt x 205.23169pt.

<check_v1_75.pdf, id=4, 614.295pt x 794.97pt>
File: check_v1_75.pdf Graphic file (type pdf)
 <use check_v1_75.pdf>
Package pdftex.def Info: check_v1_75.pdf used on input line 65.
(pdftex.def)             Requested size: 218.81206pt x 205.23169pt.

<const_v1_85.pdf, id=5, 614.295pt x 794.97pt>
File: const_v1_85.pdf Graphic file (type pdf)
 <use const_v1_85.pdf>
Package pdftex.def Info: const_v1_85.pdf used on input line 69.
(pdftex.def)             Requested size: 218.81206pt x 205.23169pt.

<check_v1_85.pdf, id=6, 614.295pt x 794.97pt>
File: check_v1_85.pdf Graphic file (type pdf)
 <use check_v1_85.pdf>
Package pdftex.def Info: check_v1_85.pdf used on input line 74.
(pdftex.def)             Requested size: 218.81206pt x 205.23169pt.

<const_v2_65.pdf, id=7, 614.295pt x 794.97pt>
File: const_v2_65.pdf Graphic file (type pdf)
 <use const_v2_65.pdf>
Package pdftex.def Info: const_v2_65.pdf used on input line 81.
(pdftex.def)             Requested size: 218.81206pt x 205.23169pt.

<check_v2_65.pdf, id=8, 614.295pt x 794.97pt>
File: check_v2_65.pdf Graphic file (type pdf)
 <use check_v2_65.pdf>
Package pdftex.def Info: check_v2_65.pdf used on input line 86.
(pdftex.def)             Requested size: 218.81206pt x 205.23169pt.

<const_v2_75.pdf, id=9, 614.295pt x 794.97pt>
File: const_v2_75.pdf Graphic file (type pdf)
 <use const_v2_75.pdf>
Package pdftex.def Info: const_v2_75.pdf used on input line 91.
(pdftex.def)             Requested size: 218.81206pt x 205.23169pt.

<check_v2_75.pdf, id=10, 614.295pt x 794.97pt>
File: check_v2_75.pdf Graphic file (type pdf)
 <use check_v2_75.pdf>
Package pdftex.def Info: check_v2_75.pdf used on input line 96.
(pdftex.def)             Requested size: 218.81206pt x 205.23169pt.

<const_v2_85.pdf, id=11, 614.295pt x 794.97pt>
File: const_v2_85.pdf Graphic file (type pdf)
 <use const_v2_85.pdf>
Package pdftex.def Info: const_v2_85.pdf used on input line 100.
(pdftex.def)             Requested size: 218.81206pt x 205.23169pt.

<check_v2_85.pdf, id=12, 614.295pt x 794.97pt>
File: check_v2_85.pdf Graphic file (type pdf)
 <use check_v2_85.pdf>
Package pdftex.def Info: check_v2_85.pdf used on input line 105.
(pdftex.def)             Requested size: 218.81206pt x 205.23169pt.
 [1

{C:/Tools/CTEX/UserData/pdftex/config/pdftex.map{Unicode.sfd}{UGBK.sfd}}] [2 <C
:/Study/Statistics/202C Monte Carlo Methods for Optimization/project3/report/co
nst_v1_65.pdf> <C:/Study/Statistics/202C Monte Carlo Methods for Optimization/p
roject3/report/check_v1_65.pdf> <C:/Study/Statistics/202C Monte Carlo Methods f
or Optimization/project3/report/const_v1_75.pdf> <C:/Study/Statistics/202C Mont
e Carlo Methods for Optimization/project3/report/check_v1_75.pdf> <C:/Study/Sta
tistics/202C Monte Carlo Methods for Optimization/project3/report/const_v1_85.p
df> <C:/Study/Statistics/202C Monte Carlo Methods for Optimization/project3/rep
ort/check_v1_85.pdf>] <size.pdf, id=61, 614.295pt x 794.97pt>
File: size.pdf Graphic file (type pdf)
 <use size.pdf>
Package pdftex.def Info: size.pdf used on input line 113.
(pdftex.def)             Requested size: 368.52359pt x 256.53052pt.
 [3 <C:/Study/Statistics/202C Monte Carlo Methods for Optimization/project3/rep
ort/const_v2_65.pdf> <C:/Study/Statistics/202C Monte Carlo Methods for Optimiza
tion/project3/report/check_v2_65.pdf> <C:/Study/Statistics/202C Monte Carlo Met
hods for Optimization/project3/report/const_v2_75.pdf> <C:/Study/Statistics/202
C Monte Carlo Methods for Optimization/project3/report/check_v2_75.pdf> <C:/Stu
dy/Statistics/202C Monte Carlo Methods for Optimization/project3/report/const_v
2_85.pdf> <C:/Study/Statistics/202C Monte Carlo Methods for Optimization/projec
t3/report/check_v2_85.pdf>] <v1_1.pdf, id=101, 614.295pt x 794.97pt>
File: v1_1.pdf Graphic file (type pdf)
 <use v1_1.pdf>
Package pdftex.def Info: v1_1.pdf used on input line 121.
(pdftex.def)             Requested size: 218.81206pt x 205.23169pt.

<v2_1.pdf, id=102, 614.295pt x 794.97pt>
File: v2_1.pdf Graphic file (type pdf)
 <use v2_1.pdf>
Package pdftex.def Info: v2_1.pdf used on input line 126.
(pdftex.def)             Requested size: 218.81206pt x 205.23169pt.
 [4 <C:/Study/Statistics/202C Monte Carlo Methods for Optimization/project3/rep
ort/size.pdf> <C:/Study/Statistics/202C Monte Carlo Methods for Optimization/pr
oject3/report/v1_1.pdf> <C:/Study/Statistics/202C Monte Carlo Methods for Optim
ization/project3/report/v2_1.pdf>]
("C:\Study\Statistics\202C Monte Carlo Methods for Optimization\project3\report
\project3.aux") ) 
Here is how much of TeX's memory you used:
 4427 strings out of 495354
 62929 string characters out of 3183524
 227266 words of memory out of 3000000
 7560 multiletter control sequences out of 15000+200000
 8713 words of font info for 32 fonts, out of 3000000 for 9000
 14 hyphenation exceptions out of 8191
 42i,10n,40p,327b,380s stack positions out of 5000i,500n,10000p,200000b,50000s
<C:/Tools/CTEX/MiKTeX/fonts/type1/public/amsfonts/cm/cmmi12.pf
b><C:/Tools/CTEX/MiKTeX/fonts/type1/public/amsfonts/cm/cmr12.pfb><C:/Tools/CTEX
/MiKTeX/fonts/type1/public/amsfonts/cm/cmr17.pfb><C:/Tools/CTEX/MiKTeX/fonts/ty
pe1/public/amsfonts/cm/cmsy10.pfb><C:/Tools/CTEX/MiKTeX/fonts/type1/public/amsf
onts/cm/cmsy8.pfb>
Output written on project3.pdf (4 pages, 129877 bytes).
PDF statistics:
 139 PDF objects out of 1000 (max. 8388607)
 0 named destinations out of 1000 (max. 500000)
 76 words of extra memory for PDF output out of 10000 (max. 10000000)

