This is pdfTeX, Version 3.1415926-2.3-1.40.12 (MiKTeX 2.9) (preloaded format=pdflatex 2016.5.5)  30 OCT 2016 12:54
entering extended mode
**C:/Github/Monte-Carlo-Using-Rcpp/MCMC*in*Self-Avoiding*Walk/latex_report/proj
ect1.tex

("C:/Github/Monte-Carlo-Using-Rcpp/MCMC in Self-Avoiding Walk/latex_report/proj
ect1.tex"
LaTeX2e <2011/06/27>
Babel <v3.8m> and hyphenation patterns for loaded.
(C:\Tools\CTEX\MiKTeX\tex\latex\base\article.cls
Document Class: article 2007/10/19 v1.4h Standard LaTeX document class
(C:\Tools\CTEX\MiKTeX\tex\latex\base\size11.clo
File: size11.clo 2007/10/19 v1.4h Standard LaTeX file (size option)
)
\c@part=\count79
\c@section=\count80
\c@subsection=\count81
\c@subsubsection=\count82
\c@paragraph=\count83
\c@subparagraph=\count84
\c@figure=\count85
\c@table=\count86
\abovecaptionskip=\skip41
\belowcaptionskip=\skip42
\bibindent=\dimen102
)
(C:\Tools\CTEX\MiKTeX\tex\generic\babel\babel.sty
Package: babel 2008/07/08 v3.8m The Babel package

*************************************
* Local config file bblopts.cfg used
*
(C:\Tools\CTEX\MiKTeX\tex\latex\00miktex\bblopts.cfg
File: bblopts.cfg 2006/07/31 v1.0 MiKTeX 'babel' configuration
)
(C:\Tools\CTEX\MiKTeX\tex\generic\babel\english.ldf
Language: english 2005/03/30 v3.3o English support from the babel system

(C:\Tools\CTEX\MiKTeX\tex\generic\babel\babel.def
File: babel.def 2008/07/08 v3.8m Babel common definitions
\babel@savecnt=\count87
\U@D=\dimen103
)
\l@british = a dialect from \language0
\l@UKenglish = a dialect from \language0
\l@american = a dialect from \language0
\l@canadian = a dialect from \language\l@american 
\l@australian = a dialect from \language\l@british 
\l@newzealand = a dialect from \language\l@british 
))
(C:\Tools\CTEX\MiKTeX\tex\latex\tools\verbatim.sty
Package: verbatim 2003/08/22 v1.5q LaTeX2e package for verbatim enhancements
\every@verbatim=\toks14
\verbatim@line=\toks15
\verbatim@in@stream=\read1
)
(C:\Tools\CTEX\MiKTeX\tex\latex\float\float.sty
Package: float 2001/11/08 v1.3d Float enhancements (AL)
\c@float@type=\count88
\float@exts=\toks16
\float@box=\box26
\@float@everytoks=\toks17
\@floatcapt=\box27
)
(C:\Tools\CTEX\MiKTeX\tex\latex\ams\math\amsmath.sty
Package: amsmath 2000/07/18 v2.13 AMS math features
\@mathmargin=\skip43

For additional information on amsmath, use the `?' option.
(C:\Tools\CTEX\MiKTeX\tex\latex\ams\math\amstext.sty
Package: amstext 2000/06/29 v2.01

(C:\Tools\CTEX\MiKTeX\tex\latex\ams\math\amsgen.sty
File: amsgen.sty 1999/11/30 v2.0
\@emptytoks=\toks18
\ex@=\dimen104
))
(C:\Tools\CTEX\MiKTeX\tex\latex\ams\math\amsbsy.sty
Package: amsbsy 1999/11/29 v1.2d
\pmbraise@=\dimen105
)
(C:\Tools\CTEX\MiKTeX\tex\latex\ams\math\amsopn.sty
Package: amsopn 1999/12/14 v2.01 operator names
)
\inf@bad=\count89
LaTeX Info: Redefining \frac on input line 211.
\uproot@=\count90
\leftroot@=\count91
LaTeX Info: Redefining \overline on input line 307.
\classnum@=\count92
\DOTSCASE@=\count93
LaTeX Info: Redefining \ldots on input line 379.
LaTeX Info: Redefining \dots on input line 382.
LaTeX Info: Redefining \cdots on input line 467.
\Mathstrutbox@=\box28
\strutbox@=\box29
\big@size=\dimen106
LaTeX Font Info:    Redeclaring font encoding OML on input line 567.
LaTeX Font Info:    Redeclaring font encoding OMS on input line 568.
\macc@depth=\count94
\c@MaxMatrixCols=\count95
\dotsspace@=\muskip10
\c@parentequation=\count96
\dspbrk@lvl=\count97
\tag@help=\toks19
\row@=\count98
\column@=\count99
\maxfields@=\count100
\andhelp@=\toks20
\eqnshift@=\dimen107
\alignsep@=\dimen108
\tagshift@=\dimen109
\tagwidth@=\dimen110
\totwidth@=\dimen111
\lineht@=\dimen112
\@envbody=\toks21
\multlinegap=\skip44
\multlinetaggap=\skip45
\mathdisplay@stack=\toks22
LaTeX Info: Redefining \[ on input line 2666.
LaTeX Info: Redefining \] on input line 2667.
)
(C:\Tools\CTEX\MiKTeX\tex\latex\amsfonts\amssymb.sty
Package: amssymb 2009/06/22 v3.00

(C:\Tools\CTEX\MiKTeX\tex\latex\amsfonts\amsfonts.sty
Package: amsfonts 2009/06/22 v3.00 Basic AMSFonts support
\symAMSa=\mathgroup4
\symAMSb=\mathgroup5
LaTeX Font Info:    Overwriting math alphabet `\mathfrak' in version `bold'
(Font)                  U/euf/m/n --> U/euf/b/n on input line 96.
))
(C:\Tools\CTEX\MiKTeX\tex\latex\geometry\geometry.sty
Package: geometry 2010/09/12 v5.6 Page Geometry

(C:\Tools\CTEX\MiKTeX\tex\latex\graphics\keyval.sty
Package: keyval 1999/03/16 v1.13 key=value parser (DPC)
\KV@toks@=\toks23
)
(C:\Tools\CTEX\MiKTeX\tex\generic\oberdiek\ifpdf.sty
Package: ifpdf 2011/01/30 v2.3 Provides the ifpdf switch (HO)
Package ifpdf Info: pdfTeX in PDF mode is detected.
)
(C:\Tools\CTEX\MiKTeX\tex\generic\oberdiek\ifvtex.sty
Package: ifvtex 2010/03/01 v1.5 Switches for detecting VTeX and its modes (HO)
Package ifvtex Info: VTeX not detected.
)
(C:\Tools\CTEX\MiKTeX\tex\generic\ifxetex\ifxetex.sty
Package: ifxetex 2010/09/12 v0.6 Provides ifxetex conditional
)
\Gm@cnth=\count101
\Gm@cntv=\count102
\c@Gm@tempcnt=\count103
\Gm@bindingoffset=\dimen113
\Gm@wd@mp=\dimen114
\Gm@odd@mp=\dimen115
\Gm@even@mp=\dimen116
\Gm@layoutwidth=\dimen117
\Gm@layoutheight=\dimen118
\Gm@layouthoffset=\dimen119
\Gm@layoutvoffset=\dimen120
\Gm@dimlist=\toks24

(C:\Tools\CTEX\MiKTeX\tex\latex\geometry\geometry.cfg))
(C:\Tools\CTEX\MiKTeX\tex\latex\graphics\graphicx.sty
Package: graphicx 1999/02/16 v1.0f Enhanced LaTeX Graphics (DPC,SPQR)

(C:\Tools\CTEX\MiKTeX\tex\latex\graphics\graphics.sty
Package: graphics 2009/02/05 v1.0o Standard LaTeX Graphics (DPC,SPQR)

(C:\Tools\CTEX\MiKTeX\tex\latex\graphics\trig.sty
Package: trig 1999/03/16 v1.09 sin cos tan (DPC)
)
(C:\Tools\CTEX\MiKTeX\tex\latex\00miktex\graphics.cfg
File: graphics.cfg 2007/01/18 v1.5 graphics configuration of teTeX/TeXLive
)
Package graphics Info: Driver file: pdftex.def on input line 91.

(C:\Tools\CTEX\MiKTeX\tex\latex\pdftex-def\pdftex.def
File: pdftex.def 2011/05/27 v0.06d Graphics/color for pdfTeX

(C:\Tools\CTEX\MiKTeX\tex\generic\oberdiek\infwarerr.sty
Package: infwarerr 2010/04/08 v1.3 Providing info/warning/message (HO)
)
(C:\Tools\CTEX\MiKTeX\tex\generic\oberdiek\ltxcmds.sty
Package: ltxcmds 2011/04/18 v1.20 LaTeX kernel commands for general use (HO)
)
\Gread@gobject=\count104
))
\Gin@req@height=\dimen121
\Gin@req@width=\dimen122
)
(C:\Tools\CTEX\MiKTeX\tex\latex\caption\subcaption.sty
Package: subcaption 2011/10/30 v1.1c Sub-captions (AR)

(C:\Tools\CTEX\MiKTeX\tex\latex\caption\caption.sty
Package: caption 2011/11/10 v3.2e Customizing captions (AR)

(C:\Tools\CTEX\MiKTeX\tex\latex\caption\caption3.sty
Package: caption3 2011/11/01 v1.4a caption3 kernel (AR)
\captionmargin=\dimen123
\captionmargin@=\dimen124
\captionwidth=\dimen125
\caption@indent=\dimen126
\caption@parindent=\dimen127
\caption@hangindent=\dimen128
)
\c@ContinuedFloat=\count105
Package caption Info: float package is loaded.
)
\c@subfigure=\count106
\c@subtable=\count107
)
("C:\Github\Monte-Carlo-Using-Rcpp\MCMC in Self-Avoiding Walk\latex_report\proj
ect1.aux")
LaTeX Font Info:    Checking defaults for OML/cmm/m/it on input line 15.
LaTeX Font Info:    ... okay on input line 15.
LaTeX Font Info:    Checking defaults for T1/cmr/m/n on input line 15.
LaTeX Font Info:    ... okay on input line 15.
LaTeX Font Info:    Checking defaults for OT1/cmr/m/n on input line 15.
LaTeX Font Info:    ... okay on input line 15.
LaTeX Font Info:    Checking defaults for OMS/cmsy/m/n on input line 15.
LaTeX Font Info:    ... okay on input line 15.
LaTeX Font Info:    Checking defaults for OMX/cmex/m/n on input line 15.
LaTeX Font Info:    ... okay on input line 15.
LaTeX Font Info:    Checking defaults for U/cmr/m/n on input line 15.
LaTeX Font Info:    ... okay on input line 15.

*geometry* driver: auto-detecting
*geometry* detected driver: pdftex
*geometry* verbose mode - [ preamble ] result:
* driver: pdftex
* paper: <default>
* layout: <same size as paper>
* layoutoffset:(h,v)=(0.0pt,0.0pt)
* modes: 
* h-part:(L,W,R)=(76.82234pt, 460.65031pt, 76.82234pt)
* v-part:(T,H,B)=(76.82234pt, 641.3253pt, 76.82234pt)
* \paperwidth=614.295pt
* \paperheight=794.96999pt
* \textwidth=460.65031pt
* \textheight=641.3253pt
* \oddsidemargin=4.55235pt
* \evensidemargin=4.55235pt
* \topmargin=-32.44765pt
* \headheight=12.0pt
* \headsep=25.0pt
* \topskip=11.0pt
* \footskip=30.0pt
* \marginparwidth=59.0pt
* \marginparsep=10.0pt
* \columnsep=10.0pt
* \skip\footins=10.0pt plus 4.0pt minus 2.0pt
* \hoffset=0.0pt
* \voffset=0.0pt
* \mag=1000
* \@twocolumnfalse
* \@twosidefalse
* \@mparswitchfalse
* \@reversemarginfalse
* (1in=72.27pt=25.4mm, 1cm=28.453pt)

(C:\Tools\CTEX\MiKTeX\tex\context\base\supp-pdf.mkii
[Loading MPS to PDF converter (version 2006.09.02).]
\scratchcounter=\count108
\scratchdimen=\dimen129
\scratchbox=\box30
\nofMPsegments=\count109
\nofMParguments=\count110
\everyMPshowfont=\toks25
\MPscratchCnt=\count111
\MPscratchDim=\dimen130
\MPnumerator=\count112
\makeMPintoPDFobject=\count113
\everyMPtoPDFconversion=\toks26
)
Package caption Info: Begin \AtBeginDocument code.
Package caption Info: End \AtBeginDocument code.
LaTeX Font Info:    Try loading font information for U+msa on input line 19.
 (C:\Tools\CTEX\MiKTeX\tex\latex\amsfonts\umsa.fd
File: umsa.fd 2009/06/22 v3.00 AMS symbols A
)
LaTeX Font Info:    Try loading font information for U+msb on input line 19.

(C:\Tools\CTEX\MiKTeX\tex\latex\amsfonts\umsb.fd
File: umsb.fd 2009/06/22 v3.00 AMS symbols B
)
<p1_1.pdf, id=1, 614.295pt x 794.97pt>
File: p1_1.pdf Graphic file (type pdf)
 <use p1_1.pdf>
Package pdftex.def Info: p1_1.pdf used on input line 22.
(pdftex.def)             Requested size: 368.52359pt x 361.36014pt.

Underfull \hbox (badness 10000) in paragraph at lines 26--29

 []

[1

{C:/Tools/CTEX/UserData/pdftex/config/pdftex.map{Unicode.sfd}{UGBK.sfd}} <C:/Gi
thub/Monte-Carlo-Using-Rcpp/MCMC in Self-Avoiding Walk/latex_report/p1_1.pdf>] 
<p1_2.pdf, id=14, 614.295pt x 794.97pt>
File: p1_2.pdf Graphic file (type pdf)
 <use p1_2.pdf>
Package pdftex.def Info: p1_2.pdf used on input line 45.
(pdftex.def)             Requested size: 218.81206pt x 170.709pt.

<p1_3.pdf, id=15, 614.295pt x 794.97pt>
File: p1_3.pdf Graphic file (type pdf)
 <use p1_3.pdf>
Package pdftex.def Info: p1_3.pdf used on input line 51.
(pdftex.def)             Requested size: 218.81206pt x 170.709pt.

Underfull \hbox (badness 10000) in paragraph at lines 56--58

 []

[2 <C:/Github/Monte-Carlo-Using-Rcpp/MCMC in Self-Avoiding Walk/latex_report/p1
_2.pdf> <C:/Github/Monte-Carlo-Using-Rcpp/MCMC in Self-Avoiding Walk/latex_repo
rt/p1_3.pdf>] <p2_1_1.pdf, id=39, 614.295pt x 794.97pt>
File: p2_1_1.pdf Graphic file (type pdf)
 <use p2_1_1.pdf>
Package pdftex.def Info: p2_1_1.pdf used on input line 69.
(pdftex.def)             Requested size: 218.81206pt x 170.709pt.

<p2_1_2.pdf, id=40, 614.295pt x 794.97pt>
File: p2_1_2.pdf Graphic file (type pdf)
 <use p2_1_2.pdf>
Package pdftex.def Info: p2_1_2.pdf used on input line 75.
(pdftex.def)             Requested size: 218.81206pt x 170.709pt.

Underfull \hbox (badness 10000) in paragraph at lines 60--79

 []


Underfull \hbox (badness 10000) in paragraph at lines 81--82

 []

<p2_3_1_111.pdf, id=41, 614.295pt x 794.97pt>
File: p2_3_1_111.pdf Graphic file (type pdf)
 <use p2_3_1_111.pdf>
Package pdftex.def Info: p2_3_1_111.pdf used on input line 94.
(pdftex.def)             Requested size: 218.81206pt x 170.709pt.

<p2_3_2.pdf, id=42, 614.295pt x 794.97pt>
File: p2_3_2.pdf Graphic file (type pdf)
 <use p2_3_2.pdf>
Package pdftex.def Info: p2_3_2.pdf used on input line 100.
(pdftex.def)             Requested size: 218.81206pt x 170.709pt.
 [3 <C:/Github/Monte-Carlo-Using-Rcpp/MCMC in Self-Avoiding Walk/latex_report/p
2_1_1.pdf> <C:/Github/Monte-Carlo-Using-Rcpp/MCMC in Self-Avoiding Walk/latex_r
eport/p2_1_2.pdf>]
<p2_3_3_100.pdf, id=56, 614.295pt x 794.97pt>
File: p2_3_3_100.pdf Graphic file (type pdf)
 <use p2_3_3_100.pdf>
Package pdftex.def Info: p2_3_3_100.pdf used on input line 110.
(pdftex.def)             Requested size: 218.81206pt x 170.709pt.

<p2_3_4.pdf, id=57, 614.295pt x 794.97pt>
File: p2_3_4.pdf Graphic file (type pdf)
 <use p2_3_4.pdf>
Package pdftex.def Info: p2_3_4.pdf used on input line 116.
(pdftex.def)             Requested size: 218.81206pt x 170.709pt.

Underfull \hbox (badness 10000) in paragraph at lines 105--120

 []


Underfull \hbox (badness 10000) in paragraph at lines 121--122

 []

<p2_3_5_115.pdf, id=58, 614.295pt x 794.97pt>
File: p2_3_5_115.pdf Graphic file (type pdf)
 <use p2_3_5_115.pdf>
Package pdftex.def Info: p2_3_5_115.pdf used on input line 127.
(pdftex.def)             Requested size: 218.81206pt x 170.709pt.

<p2_3_6.pdf, id=59, 614.295pt x 794.97pt>
File: p2_3_6.pdf Graphic file (type pdf)
 <use p2_3_6.pdf>
Package pdftex.def Info: p2_3_6.pdf used on input line 133.
(pdftex.def)             Requested size: 218.81206pt x 170.709pt.
 [4 <C:/Github/Monte-Carlo-Using-Rcpp/MCMC in Self-Avoiding Walk/latex_report/p
2_3_1_111.pdf> <C:/Github/Monte-Carlo-Using-Rcpp/MCMC in Self-Avoiding Walk/lat
ex_report/p2_3_2.pdf> <C:/Github/Monte-Carlo-Using-Rcpp/MCMC in Self-Avoiding W
alk/latex_report/p2_3_3_100.pdf> <C:/Github/Monte-Carlo-Using-Rcpp/MCMC in Self
-Avoiding Walk/latex_report/p2_3_4.pdf>] [5 <C:/Github/Monte-Carlo-Using-Rcpp/M
CMC in Self-Avoiding Walk/latex_report/p2_3_5_115.pdf> <C:/Github/Monte-Carlo-U
sing-Rcpp/MCMC in Self-Avoiding Walk/latex_report/p2_3_6.pdf>]
("C:\Github\Monte-Carlo-Using-Rcpp\MCMC in Self-Avoiding Walk\latex_report\proj
ect1.aux") ) 
Here is how much of TeX's memory you used:
 4012 strings out of 495354
 56456 string characters out of 3183524
 128448 words of memory out of 3000000
 7137 multiletter control sequences out of 15000+200000
 8288 words of font info for 32 fonts, out of 3000000 for 9000
 14 hyphenation exceptions out of 8191
 42i,10n,40p,621b,435s stack positions out of 5000i,500n,10000p,200000b,50000s
<C:/Tools/CTEX/MiKTeX/fonts/type1/public/amsfonts/cm/cmex10.pfb><C:
/Tools/CTEX/MiKTeX/fonts/type1/public/amsfonts/cmextra/cmex8.pfb><C:/Tools/CTEX
/MiKTeX/fonts/type1/public/amsfonts/cm/cmmi10.pfb><C:/Tools/CTEX/MiKTeX/fonts/t
ype1/public/amsfonts/cm/cmmi6.pfb><C:/Tools/CTEX/MiKTeX/fonts/type1/public/amsf
onts/cm/cmmi8.pfb><C:/Tools/CTEX/MiKTeX/fonts/type1/public/amsfonts/cm/cmr10.pf
b><C:/Tools/CTEX/MiKTeX/fonts/type1/public/amsfonts/cm/cmr6.pfb><C:/Tools/CTEX/
MiKTeX/fonts/type1/public/amsfonts/cm/cmr8.pfb><C:/Tools/CTEX/MiKTeX/fonts/type
1/public/amsfonts/cm/cmsy10.pfb><C:/Tools/CTEX/MiKTeX/fonts/type1/public/amsfon
ts/cm/cmsy6.pfb><C:/Tools/CTEX/MiKTeX/fonts/type1/public/amsfonts/cm/cmsy8.pfb>

Output written on project1.pdf (5 pages, 191521 bytes).
PDF statistics:
 130 PDF objects out of 1000 (max. 8388607)
 0 named destinations out of 1000 (max. 500000)
 56 words of extra memory for PDF output out of 10000 (max. 10000000)

